Release 14.7 - platgen Xilinx EDK 14.7 Build EDK_P.20131013
 (nt64)
Copyright (c) 1995-2013 Xilinx, Inc.  All rights reserved.

Command Line: platgen -p xc6slx9tqg144-2 -lang verilog -intstyle ise -toplevel
no -ti microblaze_i -msg __xps/ise/xmsgprops.lst microblaze.mhs 

Parse C:/Users/Mahdi/Desktop/spi_bootloader/hw/microblaze/microblaze.mhs ...

Read MPD definitions ...

Overriding IP level properties ...
INFO:EDK:4130 - IPNAME: microblaze, INSTANCE:microblaze_0 - tcl is overriding
   PARAMETER C_ENDIANNESS value to 1 -
   C:\Xilinx\14.7\ISE_DS\EDK\hw\XilinxProcessorIPLib\pcores\microblaze_v8_50_c\d
   ata\microblaze_v2_1_0.mpd line 198 
INFO:EDK:4130 - IPNAME: microblaze, INSTANCE:microblaze_0 - tcl is overriding
   PARAMETER C_ICACHE_USE_FSL value to 0 -
   C:\Xilinx\14.7\ISE_DS\EDK\hw\XilinxProcessorIPLib\pcores\microblaze_v8_50_c\d
   ata\microblaze_v2_1_0.mpd line 339 
INFO:EDK:4130 - IPNAME: microblaze, INSTANCE:microblaze_0 - tcl is overriding
   PARAMETER C_DCACHE_USE_FSL value to 0 -
   C:\Xilinx\14.7\ISE_DS\EDK\hw\XilinxProcessorIPLib\pcores\microblaze_v8_50_c\d
   ata\microblaze_v2_1_0.mpd line 369 
INFO:EDK:4130 - IPNAME: axi_interconnect, INSTANCE:axi4lite_0 - tcl is
   overriding PARAMETER C_BASEFAMILY value to spartan6 -
   C:\Xilinx\14.7\ISE_DS\EDK\hw\XilinxProcessorIPLib\pcores\axi_interconnect_v1_
   06_a\data\axi_interconnect_v2_1_0.mpd line 81 

Computing clock values...
INFO:EDK:740 - Cannot determine the input clock associated with port :
   microblaze_0_i_bram_ctrl:BRAM_Clk_A. Clock DRCs will not be performed on this
   core and cores connected to it. 
INFO:EDK:740 - Cannot determine the input clock associated with port :
   microblaze_0_d_bram_ctrl:BRAM_Clk_A. Clock DRCs will not be performed on this
   core and cores connected to it. 

Performing IP level DRCs on properties...

Running DRC Tcl procedures for OPTION IPLEVEL_DRC_PROC...
Address Map for Processor microblaze_0
  (0000000000-0x00003fff) microblaze_0_d_bram_ctrl	microblaze_0_dlmb
  (0000000000-0x00003fff) microblaze_0_i_bram_ctrl	microblaze_0_ilmb
  (0x40600000-0x4060ffff) RS232_Uart_1	axi4lite_0
  (0x40a00000-0x40a0ffff) axi_spi_0	axi4lite_0
  (0x41400000-0x4140ffff) debug_module	axi4lite_0
  (0x41480000-0x414fffff) Generic_External_Memory	axi4lite_0
INFO:EDK:4130 - IPNAME: lmb_v10, INSTANCE:microblaze_0_ilmb - tool is overriding
   PARAMETER C_LMB_NUM_SLAVES value to 1 -
   C:\Xilinx\14.7\ISE_DS\EDK\hw\XilinxProcessorIPLib\pcores\lmb_v10_v2_00_b\data
   \lmb_v10_v2_1_0.mpd line 82 
INFO:EDK:4130 - IPNAME: lmb_v10, INSTANCE:microblaze_0_dlmb - tool is overriding
   PARAMETER C_LMB_NUM_SLAVES value to 1 -
   C:\Xilinx\14.7\ISE_DS\EDK\hw\XilinxProcessorIPLib\pcores\lmb_v10_v2_00_b\data
   \lmb_v10_v2_1_0.mpd line 82 
INFO:EDK:4130 - IPNAME: bram_block, INSTANCE:microblaze_0_bram_block - tool is
   overriding PARAMETER C_MEMSIZE value to 0x4000 -
   C:\Xilinx\14.7\ISE_DS\EDK\hw\XilinxProcessorIPLib\pcores\bram_block_v1_00_a\d
   ata\bram_block_v2_1_0.mpd line 78 

Checking platform address map ...

Checking platform configuration ...
IPNAME: lmb_v10, INSTANCE: microblaze_0_ilmb - 1 master(s) : 1 slave(s) 
IPNAME: lmb_v10, INSTANCE: microblaze_0_dlmb - 1 master(s) : 1 slave(s) 
IPNAME: axi_interconnect, INSTANCE: axi4lite_0 - 2 master(s) : 4 slave(s) 

Checking port drivers...

Performing Clock DRCs...

Performing Reset DRCs...

Overriding system level properties...
INFO:EDK:4130 - IPNAME: lmb_bram_if_cntlr, INSTANCE:microblaze_0_i_bram_ctrl -
   tcl is overriding PARAMETER C_MASK value to 0x40000000 -
   C:\Xilinx\14.7\ISE_DS\EDK\hw\XilinxProcessorIPLib\pcores\lmb_bram_if_cntlr_v3
   _10_c\data\lmb_bram_if_cntlr_v2_1_0.mpd line 92 
INFO:EDK:4130 - IPNAME: lmb_bram_if_cntlr, INSTANCE:microblaze_0_d_bram_ctrl -
   tcl is overriding PARAMETER C_MASK value to 0x40000000 -
   C:\Xilinx\14.7\ISE_DS\EDK\hw\XilinxProcessorIPLib\pcores\lmb_bram_if_cntlr_v3
   _10_c\data\lmb_bram_if_cntlr_v2_1_0.mpd line 92 
INFO:EDK:4130 - IPNAME: microblaze, INSTANCE:microblaze_0 - tcl is overriding
   PARAMETER C_D_AXI value to 1 -
   C:\Xilinx\14.7\ISE_DS\EDK\hw\XilinxProcessorIPLib\pcores\microblaze_v8_50_c\d
   ata\microblaze_v2_1_0.mpd line 232 
INFO:EDK:4130 - IPNAME: microblaze, INSTANCE:microblaze_0 - tcl is overriding
   PARAMETER C_I_AXI value to 1 -
   C:\Xilinx\14.7\ISE_DS\EDK\hw\XilinxProcessorIPLib\pcores\microblaze_v8_50_c\d
   ata\microblaze_v2_1_0.mpd line 235 
INFO:EDK:4130 - IPNAME: microblaze, INSTANCE:microblaze_0 - tcl is overriding
   PARAMETER C_ADDR_TAG_BITS value to 0 -
   C:\Xilinx\14.7\ISE_DS\EDK\hw\XilinxProcessorIPLib\pcores\microblaze_v8_50_c\d
   ata\microblaze_v2_1_0.mpd line 337 
INFO:EDK:4130 - IPNAME: microblaze, INSTANCE:microblaze_0 - tcl is overriding
   PARAMETER C_DCACHE_ADDR_TAG value to 0 -
   C:\Xilinx\14.7\ISE_DS\EDK\hw\XilinxProcessorIPLib\pcores\microblaze_v8_50_c\d
   ata\microblaze_v2_1_0.mpd line 367 
INFO:EDK:4130 - IPNAME: microblaze, INSTANCE:microblaze_0 - tcl is overriding
   PARAMETER C_USE_EXT_BRK value to 1 -
   C:\Xilinx\14.7\ISE_DS\EDK\hw\XilinxProcessorIPLib\pcores\microblaze_v8_50_c\d
   ata\microblaze_v2_1_0.mpd line 402 
INFO:EDK:4130 - IPNAME: microblaze, INSTANCE:microblaze_0 - tcl is overriding
   PARAMETER C_USE_EXT_NM_BRK value to 1 -
   C:\Xilinx\14.7\ISE_DS\EDK\hw\XilinxProcessorIPLib\pcores\microblaze_v8_50_c\d
   ata\microblaze_v2_1_0.mpd line 403 

INFO: Setting C_RANGE_CHECK = ON for axi_interconnect axi4lite_0.
INFO:EDK:4130 - IPNAME: axi_interconnect, INSTANCE:axi4lite_0 - tcl is
   overriding PARAMETER C_RANGE_CHECK value to 1 -
   C:\Xilinx\14.7\ISE_DS\EDK\hw\XilinxProcessorIPLib\pcores\axi_interconnect_v1_
   06_a\data\axi_interconnect_v2_1_0.mpd line 149 

Running system level update procedures...

Running UPDATE Tcl procedures for OPTION SYSLEVEL_UPDATE_PROC...

Running system level DRCs...

Performing System level DRCs on properties...

Running DRC Tcl procedures for OPTION SYSLEVEL_DRC_PROC...

Running UPDATE Tcl procedures for OPTION PLATGEN_SYSLEVEL_UPDATE_PROC...
INFO: Setting timing constaints for microblaze_0_ilmb.
INFO: The microblaze_0_ilmb core has constraints automatically generated by XPS
in implementation/microblaze_0_ilmb_wrapper/microblaze_0_ilmb_wrapper.ucf.
It can be overridden by constraints placed in the system.ucf file.

INFO: Setting timing constaints for microblaze_0_dlmb.
INFO: The microblaze_0_dlmb core has constraints automatically generated by XPS
in implementation/microblaze_0_dlmb_wrapper/microblaze_0_dlmb_wrapper.ucf.
It can be overridden by constraints placed in the system.ucf file.

INFO: Setting timing constaints for microblaze_0.
INFO: The microblaze_0 core has constraints automatically generated by XPS in
implementation/microblaze_0_wrapper/microblaze_0_wrapper.ucf.
It can be overridden by constraints placed in the system.ucf file.

INFO: No asynchronous clock conversions in axi_interconnect axi4lite_0.

Modify defaults ...

Creating stub ...

Processing licensed instances ...
Completion time: 0.00 seconds

Creating hardware output directories ...

Managing hardware (BBD-specified) netlist files ...

Managing cache ...

Elaborating instances ...
IPNAME:bram_block INSTANCE:microblaze_0_bram_block -
C:\Users\Mahdi\Desktop\spi_bootloader\hw\microblaze\microblaze.mhs line 75 -
elaborating IP
IPNAME:clock_generator INSTANCE:clock_generator_0 -
C:\Users\Mahdi\Desktop\spi_bootloader\hw\microblaze\microblaze.mhs line 119 -
elaborating IP
ClkGen elaborate status: PASSED
----------------------------------------
----------------------------------------

Writing HDL for elaborated instances ...

Inserting wrapper level ...
Completion time: 0.00 seconds

Constructing platform-level connectivity ...
Completion time: 0.00 seconds

Writing (top-level) BMM ...

Writing (top-level and wrappers) HDL ...

Generating synthesis project file ...

Running XST synthesis ...

INFO:EDK:4211 - The following instances are synthesized with XST. The MPD option
   IMP_NETLIST=TRUE indicates that a NGC file is to be produced using XST
   synthesis. IMP_NETLIST=FALSE (default) instances are not synthesized. 
INSTANCE:proc_sys_reset_0 -
C:\Users\Mahdi\Desktop\spi_bootloader\hw\microblaze\microblaze.mhs line 30 -
Running XST synthesis
INSTANCE:microblaze_0_ilmb -
C:\Users\Mahdi\Desktop\spi_bootloader\hw\microblaze\microblaze.mhs line 43 -
Running XST synthesis
INSTANCE:microblaze_0_i_bram_ctrl -
C:\Users\Mahdi\Desktop\spi_bootloader\hw\microblaze\microblaze.mhs line 50 -
Running XST synthesis
INSTANCE:microblaze_0_dlmb -
C:\Users\Mahdi\Desktop\spi_bootloader\hw\microblaze\microblaze.mhs line 59 -
Running XST synthesis
INSTANCE:microblaze_0_d_bram_ctrl -
C:\Users\Mahdi\Desktop\spi_bootloader\hw\microblaze\microblaze.mhs line 66 -
Running XST synthesis
INSTANCE:microblaze_0_bram_block -
C:\Users\Mahdi\Desktop\spi_bootloader\hw\microblaze\microblaze.mhs line 75 -
Running XST synthesis
INSTANCE:microblaze_0 -
C:\Users\Mahdi\Desktop\spi_bootloader\hw\microblaze\microblaze.mhs line 82 -
Running XST synthesis
INSTANCE:debug_module -
C:\Users\Mahdi\Desktop\spi_bootloader\hw\microblaze\microblaze.mhs line 106 -
Running XST synthesis
INSTANCE:clock_generator_0 -
C:\Users\Mahdi\Desktop\spi_bootloader\hw\microblaze\microblaze.mhs line 119 -
Running XST synthesis
INSTANCE:axi4lite_0 -
C:\Users\Mahdi\Desktop\spi_bootloader\hw\microblaze\microblaze.mhs line 132 -
Running XST synthesis
INSTANCE:rs232_uart_1 -
C:\Users\Mahdi\Desktop\spi_bootloader\hw\microblaze\microblaze.mhs line 140 -
Running XST synthesis
INSTANCE:generic_external_memory -
C:\Users\Mahdi\Desktop\spi_bootloader\hw\microblaze\microblaze.mhs line 155 -
Running XST synthesis
INSTANCE:axi_spi_0 -
C:\Users\Mahdi\Desktop\spi_bootloader\hw\microblaze\microblaze.mhs line 181 -
Running XST synthesis

Running NGCBUILD ...
IPNAME:microblaze_microblaze_0_ilmb_wrapper INSTANCE:microblaze_0_ilmb -
C:\Users\Mahdi\Desktop\spi_bootloader\hw\microblaze\microblaze.mhs line 43 -
Running NGCBUILD
IPNAME:microblaze_microblaze_0_dlmb_wrapper INSTANCE:microblaze_0_dlmb -
C:\Users\Mahdi\Desktop\spi_bootloader\hw\microblaze\microblaze.mhs line 59 -
Running NGCBUILD
IPNAME:microblaze_microblaze_0_wrapper INSTANCE:microblaze_0 -
C:\Users\Mahdi\Desktop\spi_bootloader\hw\microblaze\microblaze.mhs line 82 -
Running NGCBUILD
IPNAME:microblaze_clock_generator_0_wrapper INSTANCE:clock_generator_0 -
C:\Users\Mahdi\Desktop\spi_bootloader\hw\microblaze\microblaze.mhs line 119 -
Running NGCBUILD
IPNAME:microblaze_axi4lite_0_wrapper INSTANCE:axi4lite_0 -
C:\Users\Mahdi\Desktop\spi_bootloader\hw\microblaze\microblaze.mhs line 132 -
Running NGCBUILD
INFO:EDK:3509 - NCF files should not be modified as they will be regenerated.
   If any constraint needs to be overridden, this should be done by modifying
   the data/microblaze.ucf file.

Rebuilding cache ...

Total run time: 171.00 seconds
